# JRE version: Java(TM) SE Runtime Environment (18.0.2.1+1) (build 18.0.2.1+1-1)
# Java VM: Java HotSpot(TM) 64-Bit Server VM (18.0.2.1+1-1, mixed mode, sharing, tiered, compressed oops, compressed class ptrs, g1 gc, windows-amd64)
GC Precious Log:
 CardTable entry size: 512
 Card Set container configuration: InlinePtr #cards 5 size 8 Array Of Cards #cards 12 size 40 Howl #buckets 4 coarsen threshold 1843 Howl Bitmap #cards 512 size 80 coarsen threshold 460 Card regions per heap region 1 cards per card region 2048
 CPUs: 4 total, 4 available
 Memory: 7932M
 Large Page Support: Disabled
 NUMA Support: Disabled
 Compressed Oops: Enabled (32-bit)
 Heap Region Size: 1M
 Heap Min Capacity: 8M
 Heap Initial Capacity: 124M
 Heap Max Capacity: 1984M
 Pre-touch: Disabled
 Parallel Workers: 4
 Concurrent Workers: 1
 Concurrent Refinement Workers: 4
 Periodic GC: Disabled
Heap:
 garbage-first heap   total 103424K, used 62665K [0x0000000084000000, 0x0000000100000000)
  region size 1024K, 32 young (32768K), 1 survivors (1024K)
 Metaspace       used 69478K, committed 70144K, reserved 1114112K
  class space    used 8609K, committed 8960K, reserved 1048576K
GC Heap History (20 events):
Event: 6752.948 GC heap before
{Heap before GC invocations=106 (full 0):
 garbage-first heap   total 103424K, used 89268K [0x0000000084000000, 0x0000000100000000)
  region size 1024K, 56 young (57344K), 1 survivors (1024K)
 Metaspace       used 69471K, committed 70144K, reserved 1114112K
  class space    used 8606K, committed 8960K, reserved 1048576K
}
Event: 6752.949 GC heap after
{Heap after GC invocations=107 (full 0):
 garbage-first heap   total 103424K, used 32950K [0x0000000084000000, 0x0000000100000000)
  region size 1024K, 1 young (1024K), 1 survivors (1024K)
 Metaspace       used 69471K, committed 70144K, reserved 1114112K
  class space    used 8606K, committed 8960K, reserved 1048576K
}
Event: 6755.066 GC heap before
{Heap before GC invocations=107 (full 0):
 garbage-first heap   total 103424K, used 88246K [0x0000000084000000, 0x0000000100000000)
  region size 1024K, 56 young (57344K), 1 survivors (1024K)
 Metaspace       used 69472K, committed 70144K, reserved 1114112K
  class space    used 8607K, committed 8960K, reserved 1048576K
}
Event: 6755.067 GC heap after
{Heap after GC invocations=108 (full 0):
 garbage-first heap   total 103424K, used 32949K [0x0000000084000000, 0x0000000100000000)
  region size 1024K, 1 young (1024K), 1 survivors (1024K)
 Metaspace       used 69472K, committed 70144K, reserved 1114112K
  class space    used 8607K, committed 8960K, reserved 1048576K
}
Event: 6756.885 GC heap before
{Heap before GC invocations=108 (full 0):
 garbage-first heap   total 103424K, used 88245K [0x0000000084000000, 0x0000000100000000)
  region size 1024K, 56 young (57344K), 1 survivors (1024K)
 Metaspace       used 69472K, committed 70144K, reserved 1114112K
  class space    used 8607K, committed 8960K, reserved 1048576K
}
Event: 6756.887 GC heap after
{Heap after GC invocations=109 (full 0):
 garbage-first heap   total 103424K, used 32977K [0x0000000084000000, 0x0000000100000000)
  region size 1024K, 1 young (1024K), 1 survivors (1024K)
 Metaspace       used 69472K, committed 70144K, reserved 1114112K
  class space    used 8607K, committed 8960K, reserved 1048576K
}
Event: 6758.512 GC heap before
{Heap before GC invocations=109 (full 0):
 garbage-first heap   total 103424K, used 88273K [0x0000000084000000, 0x0000000100000000)
  region size 1024K, 56 young (57344K), 1 survivors (1024K)
 Metaspace       used 69472K, committed 70144K, reserved 1114112K
  class space    used 8607K, committed 8960K, reserved 1048576K
}
Event: 6758.515 GC heap after
{Heap after GC invocations=110 (full 0):
 garbage-first heap   total 103424K, used 32959K [0x0000000084000000, 0x0000000100000000)
  region size 1024K, 1 young (1024K), 1 survivors (1024K)
 Metaspace       used 69472K, committed 70144K, reserved 1114112K
  class space    used 8607K, committed 8960K, reserved 1048576K
}
Event: 6760.212 GC heap before
{Heap before GC invocations=110 (full 0):
 garbage-first heap   total 103424K, used 89279K [0x0000000084000000, 0x0000000100000000)
  region size 1024K, 56 young (57344K), 1 survivors (1024K)
 Metaspace       used 69474K, committed 70144K, reserved 1114112K
  class space    used 8608K, committed 8960K, reserved 1048576K
}
Event: 6760.214 GC heap after
{Heap after GC invocations=111 (full 0):
 garbage-first heap   total 103424K, used 32961K [0x0000000084000000, 0x0000000100000000)
  region size 1024K, 1 young (1024K), 1 survivors (1024K)
 Metaspace       used 69474K, committed 70144K, reserved 1114112K
  class space    used 8608K, committed 8960K, reserved 1048576K
}
Event: 6762.144 GC heap before
{Heap before GC invocations=111 (full 0):
 garbage-first heap   total 103424K, used 88257K [0x0000000084000000, 0x0000000100000000)
  region size 1024K, 56 young (57344K), 1 survivors (1024K)
 Metaspace       used 69474K, committed 70144K, reserved 1114112K
  class space    used 8608K, committed 8960K, reserved 1048576K
}
Event: 6762.147 GC heap after
{Heap after GC invocations=112 (full 0):
 garbage-first heap   total 103424K, used 32980K [0x0000000084000000, 0x0000000100000000)
  region size 1024K, 1 young (1024K), 1 survivors (1024K)
 Metaspace       used 69474K, committed 70144K, reserved 1114112K
  class space    used 8608K, committed 8960K, reserved 1048576K
}
Event: 6764.212 GC heap before
{Heap before GC invocations=112 (full 0):
 garbage-first heap   total 103424K, used 88276K [0x0000000084000000, 0x0000000100000000)
  region size 1024K, 56 young (57344K), 1 survivors (1024K)
 Metaspace       used 69474K, committed 70144K, reserved 1114112K
  class space    used 8609K, committed 8960K, reserved 1048576K
}
Event: 6764.215 GC heap after
{Heap after GC invocations=113 (full 0):
 garbage-first heap   total 103424K, used 33006K [0x0000000084000000, 0x0000000100000000)
  region size 1024K, 1 young (1024K), 1 survivors (1024K)
 Metaspace       used 69474K, committed 70144K, reserved 1114112K
  class space    used 8609K, committed 8960K, reserved 1048576K
}
Event: 6766.288 GC heap before
{Heap before GC invocations=113 (full 0):
 garbage-first heap   total 103424K, used 89326K [0x0000000084000000, 0x0000000100000000)
  region size 1024K, 56 young (57344K), 1 survivors (1024K)
 Metaspace       used 69478K, committed 70144K, reserved 1114112K
  class space    used 8609K, committed 8960K, reserved 1048576K
}
Event: 6766.289 GC heap after
{Heap after GC invocations=114 (full 0):
 garbage-first heap   total 103424K, used 32993K [0x0000000084000000, 0x0000000100000000)
  region size 1024K, 1 young (1024K), 1 survivors (1024K)
 Metaspace       used 69478K, committed 70144K, reserved 1114112K
  class space    used 8609K, committed 8960K, reserved 1048576K
}
Event: 6767.985 GC heap before
{Heap before GC invocations=114 (full 0):
 garbage-first heap   total 103424K, used 89313K [0x0000000084000000, 0x0000000100000000)
  region size 1024K, 56 young (57344K), 1 survivors (1024K)
 Metaspace       used 69478K, committed 70144K, reserved 1114112K
  class space    used 8609K, committed 8960K, reserved 1048576K
}
Event: 6767.987 GC heap after
{Heap after GC invocations=115 (full 0):
 garbage-first heap   total 103424K, used 32977K [0x0000000084000000, 0x0000000100000000)
  region size 1024K, 1 young (1024K), 1 survivors (1024K)
 Metaspace       used 69478K, committed 70144K, reserved 1114112K
  class space    used 8609K, committed 8960K, reserved 1048576K
}
Event: 6769.775 GC heap before
{Heap before GC invocations=115 (full 0):
 garbage-first heap   total 103424K, used 88273K [0x0000000084000000, 0x0000000100000000)
  region size 1024K, 56 young (57344K), 1 survivors (1024K)
 Metaspace       used 69478K, committed 70144K, reserved 1114112K
  class space    used 8609K, committed 8960K, reserved 1048576K
}
Event: 6769.777 GC heap after
{Heap after GC invocations=116 (full 0):
 garbage-first heap   total 103424K, used 32969K [0x0000000084000000, 0x0000000100000000)
  region size 1024K, 1 young (1024K), 1 survivors (1024K)
 Metaspace       used 69478K, committed 70144K, reserved 1114112K
  class space    used 8609K, committed 8960K, reserved 1048576K
}

